C:\USERS\JOEY\DROPBOX\CS1566 FINAL\JOEYS_CURRENT_WORK\SLENDER\SLENDER\DEBUG\TGALOADER.OBJ
C:\USERS\JOEY\DROPBOX\CS1566 FINAL\JOEYS_CURRENT_WORK\SLENDER\SLENDER\DEBUG\GLMAIN.OBJ
C:\USERS\JOEY\DROPBOX\CS1566 FINAL\JOEYS_CURRENT_WORK\SLENDER\SLENDER\DEBUG\MY_CAMERA.OBJ
C:\USERS\JOEY\DROPBOX\CS1566 FINAL\JOEYS_CURRENT_WORK\SLENDER\SLENDER\DEBUG\MY_OBJECT.OBJ
C:\USERS\JOEY\DROPBOX\CS1566 FINAL\JOEYS_CURRENT_WORK\SLENDER\SLENDER\DEBUG\SLENDER.OBJ
C:\USERS\JOEY\DROPBOX\CS1566 FINAL\JOEYS_CURRENT_WORK\SLENDER\SLENDER\DEBUG\SNOWBALL.OBJ
C:\USERS\JOEY\DROPBOX\CS1566 FINAL\JOEYS_CURRENT_WORK\SLENDER\SLENDER\DEBUG\VC110.PDB
C:\USERS\JOEY\DROPBOX\CS1566 FINAL\JOEYS_CURRENT_WORK\SLENDER\DEBUG\SLENDER.ILK
C:\USERS\JOEY\DROPBOX\CS1566 FINAL\JOEYS_CURRENT_WORK\SLENDER\DEBUG\SLENDER.EXE
C:\USERS\JOEY\DROPBOX\CS1566 FINAL\JOEYS_CURRENT_WORK\SLENDER\DEBUG\SLENDER.PDB
C:\Users\Joey\Dropbox\CS1566 Final\joeys_current_work\slender\slender\Debug\glmain.obj
C:\Users\Joey\Dropbox\CS1566 Final\joeys_current_work\slender\slender\Debug\my_camera.obj
C:\Users\Joey\Dropbox\CS1566 Final\joeys_current_work\slender\slender\Debug\my_object.obj
C:\Users\Joey\Dropbox\CS1566 Final\joeys_current_work\slender\slender\Debug\slender.obj
C:\Users\Joey\Dropbox\CS1566 Final\joeys_current_work\slender\slender\Debug\snowball.obj
C:\Users\Joey\Dropbox\CS1566 Final\joeys_current_work\slender\slender\Debug\TGALoader.obj
C:\Users\Joey\Dropbox\CS1566 Final\joeys_current_work\slender\slender\Debug\cl.command.1.tlog
C:\Users\Joey\Dropbox\CS1566 Final\joeys_current_work\slender\slender\Debug\CL.read.1.tlog
C:\Users\Joey\Dropbox\CS1566 Final\joeys_current_work\slender\slender\Debug\CL.write.1.tlog
C:\Users\Joey\Dropbox\CS1566 Final\joeys_current_work\slender\slender\Debug\link-cvtres.read.1.tlog
C:\Users\Joey\Dropbox\CS1566 Final\joeys_current_work\slender\slender\Debug\link-cvtres.write.1.tlog
C:\Users\Joey\Dropbox\CS1566 Final\joeys_current_work\slender\slender\Debug\link-rc.read.1.tlog
C:\Users\Joey\Dropbox\CS1566 Final\joeys_current_work\slender\slender\Debug\link-rc.write.1.tlog
C:\Users\Joey\Dropbox\CS1566 Final\joeys_current_work\slender\slender\Debug\link.10324-cvtres.read.1.tlog
C:\Users\Joey\Dropbox\CS1566 Final\joeys_current_work\slender\slender\Debug\link.10324-cvtres.write.1.tlog
C:\Users\Joey\Dropbox\CS1566 Final\joeys_current_work\slender\slender\Debug\link.10324-rc.read.1.tlog
C:\Users\Joey\Dropbox\CS1566 Final\joeys_current_work\slender\slender\Debug\link.10324-rc.write.1.tlog
C:\Users\Joey\Dropbox\CS1566 Final\joeys_current_work\slender\slender\Debug\link.10324.read.1.tlog
C:\Users\Joey\Dropbox\CS1566 Final\joeys_current_work\slender\slender\Debug\link.10324.write.1.tlog
C:\Users\Joey\Dropbox\CS1566 Final\joeys_current_work\slender\slender\Debug\link.10396-cvtres.read.1.tlog
C:\Users\Joey\Dropbox\CS1566 Final\joeys_current_work\slender\slender\Debug\link.10396-cvtres.write.1.tlog
C:\Users\Joey\Dropbox\CS1566 Final\joeys_current_work\slender\slender\Debug\link.10396-rc.read.1.tlog
C:\Users\Joey\Dropbox\CS1566 Final\joeys_current_work\slender\slender\Debug\link.10396-rc.write.1.tlog
C:\Users\Joey\Dropbox\CS1566 Final\joeys_current_work\slender\slender\Debug\link.10396.read.1.tlog
C:\Users\Joey\Dropbox\CS1566 Final\joeys_current_work\slender\slender\Debug\link.10396.write.1.tlog
C:\Users\Joey\Dropbox\CS1566 Final\joeys_current_work\slender\slender\Debug\link.10844-cvtres.read.1.tlog
C:\Users\Joey\Dropbox\CS1566 Final\joeys_current_work\slender\slender\Debug\link.10844-cvtres.write.1.tlog
C:\Users\Joey\Dropbox\CS1566 Final\joeys_current_work\slender\slender\Debug\link.10844-rc.read.1.tlog
C:\Users\Joey\Dropbox\CS1566 Final\joeys_current_work\slender\slender\Debug\link.10844-rc.write.1.tlog
C:\Users\Joey\Dropbox\CS1566 Final\joeys_current_work\slender\slender\Debug\link.10844.read.1.tlog
C:\Users\Joey\Dropbox\CS1566 Final\joeys_current_work\slender\slender\Debug\link.10844.write.1.tlog
C:\Users\Joey\Dropbox\CS1566 Final\joeys_current_work\slender\slender\Debug\link.10888-cvtres.read.1.tlog
C:\Users\Joey\Dropbox\CS1566 Final\joeys_current_work\slender\slender\Debug\link.10888-cvtres.write.1.tlog
C:\Users\Joey\Dropbox\CS1566 Final\joeys_current_work\slender\slender\Debug\link.10888-rc.read.1.tlog
C:\Users\Joey\Dropbox\CS1566 Final\joeys_current_work\slender\slender\Debug\link.10888-rc.write.1.tlog
C:\Users\Joey\Dropbox\CS1566 Final\joeys_current_work\slender\slender\Debug\link.10888.read.1.tlog
C:\Users\Joey\Dropbox\CS1566 Final\joeys_current_work\slender\slender\Debug\link.10888.write.1.tlog
C:\Users\Joey\Dropbox\CS1566 Final\joeys_current_work\slender\slender\Debug\link.1116-cvtres.read.1.tlog
C:\Users\Joey\Dropbox\CS1566 Final\joeys_current_work\slender\slender\Debug\link.1116-cvtres.write.1.tlog
C:\Users\Joey\Dropbox\CS1566 Final\joeys_current_work\slender\slender\Debug\link.1116-rc.read.1.tlog
C:\Users\Joey\Dropbox\CS1566 Final\joeys_current_work\slender\slender\Debug\link.1116-rc.write.1.tlog
C:\Users\Joey\Dropbox\CS1566 Final\joeys_current_work\slender\slender\Debug\link.1116.read.1.tlog
C:\Users\Joey\Dropbox\CS1566 Final\joeys_current_work\slender\slender\Debug\link.1116.write.1.tlog
C:\Users\Joey\Dropbox\CS1566 Final\joeys_current_work\slender\slender\Debug\link.11748-cvtres.read.1.tlog
C:\Users\Joey\Dropbox\CS1566 Final\joeys_current_work\slender\slender\Debug\link.11748-cvtres.write.1.tlog
C:\Users\Joey\Dropbox\CS1566 Final\joeys_current_work\slender\slender\Debug\link.11748-rc.read.1.tlog
C:\Users\Joey\Dropbox\CS1566 Final\joeys_current_work\slender\slender\Debug\link.11748-rc.write.1.tlog
C:\Users\Joey\Dropbox\CS1566 Final\joeys_current_work\slender\slender\Debug\link.11748.read.1.tlog
C:\Users\Joey\Dropbox\CS1566 Final\joeys_current_work\slender\slender\Debug\link.11748.write.1.tlog
C:\Users\Joey\Dropbox\CS1566 Final\joeys_current_work\slender\slender\Debug\link.12004-cvtres.read.1.tlog
C:\Users\Joey\Dropbox\CS1566 Final\joeys_current_work\slender\slender\Debug\link.12004-cvtres.write.1.tlog
C:\Users\Joey\Dropbox\CS1566 Final\joeys_current_work\slender\slender\Debug\link.12004-rc.read.1.tlog
C:\Users\Joey\Dropbox\CS1566 Final\joeys_current_work\slender\slender\Debug\link.12004-rc.write.1.tlog
C:\Users\Joey\Dropbox\CS1566 Final\joeys_current_work\slender\slender\Debug\link.12004.read.1.tlog
C:\Users\Joey\Dropbox\CS1566 Final\joeys_current_work\slender\slender\Debug\link.12004.write.1.tlog
C:\Users\Joey\Dropbox\CS1566 Final\joeys_current_work\slender\slender\Debug\link.1568-cvtres.read.1.tlog
C:\Users\Joey\Dropbox\CS1566 Final\joeys_current_work\slender\slender\Debug\link.1568-cvtres.write.1.tlog
C:\Users\Joey\Dropbox\CS1566 Final\joeys_current_work\slender\slender\Debug\link.1568-rc.read.1.tlog
C:\Users\Joey\Dropbox\CS1566 Final\joeys_current_work\slender\slender\Debug\link.1568-rc.write.1.tlog
C:\Users\Joey\Dropbox\CS1566 Final\joeys_current_work\slender\slender\Debug\link.1568.read.1.tlog
C:\Users\Joey\Dropbox\CS1566 Final\joeys_current_work\slender\slender\Debug\link.1568.write.1.tlog
C:\Users\Joey\Dropbox\CS1566 Final\joeys_current_work\slender\slender\Debug\link.3460-cvtres.read.1.tlog
C:\Users\Joey\Dropbox\CS1566 Final\joeys_current_work\slender\slender\Debug\link.3460-cvtres.write.1.tlog
C:\Users\Joey\Dropbox\CS1566 Final\joeys_current_work\slender\slender\Debug\link.3460-rc.read.1.tlog
C:\Users\Joey\Dropbox\CS1566 Final\joeys_current_work\slender\slender\Debug\link.3460-rc.write.1.tlog
C:\Users\Joey\Dropbox\CS1566 Final\joeys_current_work\slender\slender\Debug\link.3460.read.1.tlog
C:\Users\Joey\Dropbox\CS1566 Final\joeys_current_work\slender\slender\Debug\link.3460.write.1.tlog
C:\Users\Joey\Dropbox\CS1566 Final\joeys_current_work\slender\slender\Debug\link.4664-cvtres.read.1.tlog
C:\Users\Joey\Dropbox\CS1566 Final\joeys_current_work\slender\slender\Debug\link.4664-cvtres.write.1.tlog
C:\Users\Joey\Dropbox\CS1566 Final\joeys_current_work\slender\slender\Debug\link.4664-rc.read.1.tlog
C:\Users\Joey\Dropbox\CS1566 Final\joeys_current_work\slender\slender\Debug\link.4664-rc.write.1.tlog
C:\Users\Joey\Dropbox\CS1566 Final\joeys_current_work\slender\slender\Debug\link.4664.read.1.tlog
C:\Users\Joey\Dropbox\CS1566 Final\joeys_current_work\slender\slender\Debug\link.4664.write.1.tlog
C:\Users\Joey\Dropbox\CS1566 Final\joeys_current_work\slender\slender\Debug\link.4756-cvtres.read.1.tlog
C:\Users\Joey\Dropbox\CS1566 Final\joeys_current_work\slender\slender\Debug\link.4756-cvtres.write.1.tlog
C:\Users\Joey\Dropbox\CS1566 Final\joeys_current_work\slender\slender\Debug\link.4756-rc.read.1.tlog
C:\Users\Joey\Dropbox\CS1566 Final\joeys_current_work\slender\slender\Debug\link.4756-rc.write.1.tlog
C:\Users\Joey\Dropbox\CS1566 Final\joeys_current_work\slender\slender\Debug\link.4756.read.1.tlog
C:\Users\Joey\Dropbox\CS1566 Final\joeys_current_work\slender\slender\Debug\link.4756.write.1.tlog
C:\Users\Joey\Dropbox\CS1566 Final\joeys_current_work\slender\slender\Debug\link.4872-cvtres.read.1.tlog
C:\Users\Joey\Dropbox\CS1566 Final\joeys_current_work\slender\slender\Debug\link.4872-cvtres.write.1.tlog
C:\Users\Joey\Dropbox\CS1566 Final\joeys_current_work\slender\slender\Debug\link.4872-rc.read.1.tlog
C:\Users\Joey\Dropbox\CS1566 Final\joeys_current_work\slender\slender\Debug\link.4872-rc.write.1.tlog
C:\Users\Joey\Dropbox\CS1566 Final\joeys_current_work\slender\slender\Debug\link.4872.read.1.tlog
C:\Users\Joey\Dropbox\CS1566 Final\joeys_current_work\slender\slender\Debug\link.4872.write.1.tlog
C:\Users\Joey\Dropbox\CS1566 Final\joeys_current_work\slender\slender\Debug\link.5920-cvtres.read.1.tlog
C:\Users\Joey\Dropbox\CS1566 Final\joeys_current_work\slender\slender\Debug\link.5920-cvtres.write.1.tlog
C:\Users\Joey\Dropbox\CS1566 Final\joeys_current_work\slender\slender\Debug\link.5920-rc.read.1.tlog
C:\Users\Joey\Dropbox\CS1566 Final\joeys_current_work\slender\slender\Debug\link.5920-rc.write.1.tlog
C:\Users\Joey\Dropbox\CS1566 Final\joeys_current_work\slender\slender\Debug\link.5920.read.1.tlog
C:\Users\Joey\Dropbox\CS1566 Final\joeys_current_work\slender\slender\Debug\link.5920.write.1.tlog
C:\Users\Joey\Dropbox\CS1566 Final\joeys_current_work\slender\slender\Debug\link.6004-cvtres.read.1.tlog
C:\Users\Joey\Dropbox\CS1566 Final\joeys_current_work\slender\slender\Debug\link.6004-cvtres.write.1.tlog
C:\Users\Joey\Dropbox\CS1566 Final\joeys_current_work\slender\slender\Debug\link.6004-rc.read.1.tlog
C:\Users\Joey\Dropbox\CS1566 Final\joeys_current_work\slender\slender\Debug\link.6004-rc.write.1.tlog
C:\Users\Joey\Dropbox\CS1566 Final\joeys_current_work\slender\slender\Debug\link.6004.read.1.tlog
C:\Users\Joey\Dropbox\CS1566 Final\joeys_current_work\slender\slender\Debug\link.6004.write.1.tlog
C:\Users\Joey\Dropbox\CS1566 Final\joeys_current_work\slender\slender\Debug\link.6216-cvtres.read.1.tlog
C:\Users\Joey\Dropbox\CS1566 Final\joeys_current_work\slender\slender\Debug\link.6216-cvtres.write.1.tlog
C:\Users\Joey\Dropbox\CS1566 Final\joeys_current_work\slender\slender\Debug\link.6216-rc.read.1.tlog
C:\Users\Joey\Dropbox\CS1566 Final\joeys_current_work\slender\slender\Debug\link.6216-rc.write.1.tlog
C:\Users\Joey\Dropbox\CS1566 Final\joeys_current_work\slender\slender\Debug\link.6216.read.1.tlog
C:\Users\Joey\Dropbox\CS1566 Final\joeys_current_work\slender\slender\Debug\link.6216.write.1.tlog
C:\Users\Joey\Dropbox\CS1566 Final\joeys_current_work\slender\slender\Debug\link.6276-cvtres.read.1.tlog
C:\Users\Joey\Dropbox\CS1566 Final\joeys_current_work\slender\slender\Debug\link.6276-cvtres.write.1.tlog
C:\Users\Joey\Dropbox\CS1566 Final\joeys_current_work\slender\slender\Debug\link.6276-rc.read.1.tlog
C:\Users\Joey\Dropbox\CS1566 Final\joeys_current_work\slender\slender\Debug\link.6276-rc.write.1.tlog
C:\Users\Joey\Dropbox\CS1566 Final\joeys_current_work\slender\slender\Debug\link.6276.read.1.tlog
C:\Users\Joey\Dropbox\CS1566 Final\joeys_current_work\slender\slender\Debug\link.6276.write.1.tlog
C:\Users\Joey\Dropbox\CS1566 Final\joeys_current_work\slender\slender\Debug\link.6328-cvtres.read.1.tlog
C:\Users\Joey\Dropbox\CS1566 Final\joeys_current_work\slender\slender\Debug\link.6328-cvtres.write.1.tlog
C:\Users\Joey\Dropbox\CS1566 Final\joeys_current_work\slender\slender\Debug\link.6328-rc.read.1.tlog
C:\Users\Joey\Dropbox\CS1566 Final\joeys_current_work\slender\slender\Debug\link.6328-rc.write.1.tlog
C:\Users\Joey\Dropbox\CS1566 Final\joeys_current_work\slender\slender\Debug\link.6328.read.1.tlog
C:\Users\Joey\Dropbox\CS1566 Final\joeys_current_work\slender\slender\Debug\link.6328.write.1.tlog
C:\Users\Joey\Dropbox\CS1566 Final\joeys_current_work\slender\slender\Debug\link.6408-cvtres.read.1.tlog
C:\Users\Joey\Dropbox\CS1566 Final\joeys_current_work\slender\slender\Debug\link.6408-cvtres.write.1.tlog
C:\Users\Joey\Dropbox\CS1566 Final\joeys_current_work\slender\slender\Debug\link.6408-rc.read.1.tlog
C:\Users\Joey\Dropbox\CS1566 Final\joeys_current_work\slender\slender\Debug\link.6408-rc.write.1.tlog
C:\Users\Joey\Dropbox\CS1566 Final\joeys_current_work\slender\slender\Debug\link.6408.read.1.tlog
C:\Users\Joey\Dropbox\CS1566 Final\joeys_current_work\slender\slender\Debug\link.6408.write.1.tlog
C:\Users\Joey\Dropbox\CS1566 Final\joeys_current_work\slender\slender\Debug\link.6484-cvtres.read.1.tlog
C:\Users\Joey\Dropbox\CS1566 Final\joeys_current_work\slender\slender\Debug\link.6484-cvtres.write.1.tlog
C:\Users\Joey\Dropbox\CS1566 Final\joeys_current_work\slender\slender\Debug\link.6484-rc.read.1.tlog
C:\Users\Joey\Dropbox\CS1566 Final\joeys_current_work\slender\slender\Debug\link.6484-rc.write.1.tlog
C:\Users\Joey\Dropbox\CS1566 Final\joeys_current_work\slender\slender\Debug\link.6484.read.1.tlog
C:\Users\Joey\Dropbox\CS1566 Final\joeys_current_work\slender\slender\Debug\link.6484.write.1.tlog
C:\Users\Joey\Dropbox\CS1566 Final\joeys_current_work\slender\slender\Debug\link.6768-cvtres.read.1.tlog
C:\Users\Joey\Dropbox\CS1566 Final\joeys_current_work\slender\slender\Debug\link.6768-cvtres.write.1.tlog
C:\Users\Joey\Dropbox\CS1566 Final\joeys_current_work\slender\slender\Debug\link.6768-rc.read.1.tlog
C:\Users\Joey\Dropbox\CS1566 Final\joeys_current_work\slender\slender\Debug\link.6768-rc.write.1.tlog
C:\Users\Joey\Dropbox\CS1566 Final\joeys_current_work\slender\slender\Debug\link.6768.read.1.tlog
C:\Users\Joey\Dropbox\CS1566 Final\joeys_current_work\slender\slender\Debug\link.6768.write.1.tlog
C:\Users\Joey\Dropbox\CS1566 Final\joeys_current_work\slender\slender\Debug\link.7024-cvtres.read.1.tlog
C:\Users\Joey\Dropbox\CS1566 Final\joeys_current_work\slender\slender\Debug\link.7024-cvtres.write.1.tlog
C:\Users\Joey\Dropbox\CS1566 Final\joeys_current_work\slender\slender\Debug\link.7024-rc.read.1.tlog
C:\Users\Joey\Dropbox\CS1566 Final\joeys_current_work\slender\slender\Debug\link.7024-rc.write.1.tlog
C:\Users\Joey\Dropbox\CS1566 Final\joeys_current_work\slender\slender\Debug\link.7024.read.1.tlog
C:\Users\Joey\Dropbox\CS1566 Final\joeys_current_work\slender\slender\Debug\link.7024.write.1.tlog
C:\Users\Joey\Dropbox\CS1566 Final\joeys_current_work\slender\slender\Debug\link.9280-cvtres.read.1.tlog
C:\Users\Joey\Dropbox\CS1566 Final\joeys_current_work\slender\slender\Debug\link.9280-cvtres.write.1.tlog
C:\Users\Joey\Dropbox\CS1566 Final\joeys_current_work\slender\slender\Debug\link.9280-rc.read.1.tlog
C:\Users\Joey\Dropbox\CS1566 Final\joeys_current_work\slender\slender\Debug\link.9280-rc.write.1.tlog
C:\Users\Joey\Dropbox\CS1566 Final\joeys_current_work\slender\slender\Debug\link.9280.read.1.tlog
C:\Users\Joey\Dropbox\CS1566 Final\joeys_current_work\slender\slender\Debug\link.9280.write.1.tlog
C:\Users\Joey\Dropbox\CS1566 Final\joeys_current_work\slender\slender\Debug\link.command.1.tlog
C:\Users\Joey\Dropbox\CS1566 Final\joeys_current_work\slender\slender\Debug\link.read.1.tlog
C:\Users\Joey\Dropbox\CS1566 Final\joeys_current_work\slender\slender\Debug\link.write.1.tlog
C:\Users\Joey\Dropbox\CS1566 Final\joeys_current_work\slender\slender\Debug\vc110.idb
C:\Users\Joey\Dropbox\CS1566 Final\joeys_current_work\slender\slender\Debug\vc110.pdb
C:\Users\Joey\Dropbox\CS1566 Final\joeys_current_work\slender\Debug\slender.pdb
C:\Users\Joey\Dropbox\CS1566 Final\joeys_current_work\slender\Debug\slender.exe
C:\Users\Joey\Dropbox\CS1566 Final\joeys_current_work\slender\Debug\slender.ilk
